Client/Library/Bee/Android/Prj/Mono2x/Gradle/unityLibrary/build/intermediates/manifest_merge_blame_file/release/manifest-merger-blame-release-report.txt
1<?xml version="1.0" encoding="utf-8"?>
2<manifest xmlns:android="http://schemas.android.com/apk/res/android"
3    xmlns:tools="http://schemas.android.com/tools"
4    package="com.unity3d.player"
5    android:versionCode="1"
6    android:versionName="0.1.0" >
7
8    <uses-sdk
9        android:minSdkVersion="22"
9-->src\main\AndroidManifest.xml
10        android:targetSdkVersion="30" />
10-->src\main\AndroidManifest.xml
11
12    <uses-feature android:glEsVersion="0x00030000" />
12-->src\main\AndroidManifest.xml:18:3-52
12-->src\main\AndroidManifest.xml:18:17-49
13    <uses-feature
13-->src\main\AndroidManifest.xml:19:3-91
14        android:name="android.hardware.vulkan.version"
14-->src\main\AndroidManifest.xml:19:17-63
15        android:required="false" />
15-->src\main\AndroidManifest.xml:19:64-88
16
17    <uses-permission android:name="android.permission.INTERNET" />
17-->src\main\AndroidManifest.xml:20:3-65
17-->src\main\AndroidManifest.xml:20:20-62
18    <uses-permission android:name="android.permission.ACCESS_NETWORK_STATE" />
18-->src\main\AndroidManifest.xml:21:3-77
18-->src\main\AndroidManifest.xml:21:20-74
19
20    <uses-feature
20-->src\main\AndroidManifest.xml:22:3-97
21        android:name="android.hardware.sensor.accelerometer"
21-->src\main\AndroidManifest.xml:22:17-69
22        android:required="false" />
22-->src\main\AndroidManifest.xml:22:70-94
23    <uses-feature
23-->src\main\AndroidManifest.xml:23:3-88
24        android:name="android.hardware.touchscreen"
24-->src\main\AndroidManifest.xml:23:17-60
25        android:required="false" />
25-->src\main\AndroidManifest.xml:23:61-85
26    <uses-feature
26-->src\main\AndroidManifest.xml:24:3-99
27        android:name="android.hardware.touchscreen.multitouch"
27-->src\main\AndroidManifest.xml:24:17-71
28        android:required="false" />
28-->src\main\AndroidManifest.xml:24:72-96
29    <uses-feature
29-->src\main\AndroidManifest.xml:25:3-108
30        android:name="android.hardware.touchscreen.multitouch.distinct"
30-->src\main\AndroidManifest.xml:25:17-80
31        android:required="false" />
31-->src\main\AndroidManifest.xml:25:81-105
32
33    <application android:extractNativeLibs="true" >
33-->src\main\AndroidManifest.xml:3:3-17:17
33-->src\main\AndroidManifest.xml:3:16-48
34        <activity
34-->src\main\AndroidManifest.xml:4:5-11:16
35            android:name="com.unity3d.player.UnityPlayerActivity"
35-->src\main\AndroidManifest.xml:4:15-68
36            android:configChanges="mcc|mnc|locale|touchscreen|keyboard|keyboardHidden|navigation|orientation|screenLayout|uiMode|screenSize|smallestScreenSize|fontScale|layoutDirection|density"
36-->src\main\AndroidManifest.xml:4:181-362
37            android:hardwareAccelerated="false"
37-->src\main\AndroidManifest.xml:4:398-433
38            android:launchMode="singleTask"
38-->src\main\AndroidManifest.xml:4:149-180
39            android:resizeableActivity="false"
39-->src\main\AndroidManifest.xml:4:363-397
40            android:screenOrientation="landscape"
40-->src\main\AndroidManifest.xml:4:111-148
41            android:theme="@style/UnityThemeSelector" >
41-->src\main\AndroidManifest.xml:4:69-110
42            <intent-filter>
42-->src\main\AndroidManifest.xml:5:7-8:23
43                <action android:name="android.intent.action.MAIN" />
43-->src\main\AndroidManifest.xml:6:9-61
43-->src\main\AndroidManifest.xml:6:17-58
44
45                <category android:name="android.intent.category.LAUNCHER" />
45-->src\main\AndroidManifest.xml:7:9-69
45-->src\main\AndroidManifest.xml:7:19-66
46            </intent-filter>
47
48            <meta-data
48-->src\main\AndroidManifest.xml:9:7-82
49                android:name="unityplayer.UnityActivity"
49-->src\main\AndroidManifest.xml:9:18-58
50                android:value="true" />
50-->src\main\AndroidManifest.xml:9:59-79
51            <meta-data
51-->src\main\AndroidManifest.xml:10:7-78
52                android:name="android.notch_support"
52-->src\main\AndroidManifest.xml:10:18-54
53                android:value="true" />
53-->src\main\AndroidManifest.xml:10:55-75
54        </activity>
55
56        <meta-data
56-->src\main\AndroidManifest.xml:12:5-69
57            android:name="unity.splash-mode"
57-->src\main\AndroidManifest.xml:12:16-48
58            android:value="0" />
58-->src\main\AndroidManifest.xml:12:49-66
59        <meta-data
59-->src\main\AndroidManifest.xml:13:5-74
60            android:name="unity.splash-enable"
60-->src\main\AndroidManifest.xml:13:16-50
61            android:value="True" />
61-->src\main\AndroidManifest.xml:13:51-71
62        <meta-data
62-->src\main\AndroidManifest.xml:14:5-78
63            android:name="unity.launch-fullscreen"
63-->src\main\AndroidManifest.xml:14:16-54
64            android:value="True" />
64-->src\main\AndroidManifest.xml:14:55-75
65        <meta-data
65-->src\main\AndroidManifest.xml:15:5-84
66            android:name="unity.allow-resizable-window"
66-->src\main\AndroidManifest.xml:15:16-59
67            android:value="False" />
67-->src\main\AndroidManifest.xml:15:60-81
68        <meta-data
68-->src\main\AndroidManifest.xml:16:5-81
69            android:name="notch.config"
69-->src\main\AndroidManifest.xml:16:16-43
70            android:value="portrait|landscape" />
70-->src\main\AndroidManifest.xml:16:44-78
71    </application>
72
73</manifest>